<?xml version="1.0" encoding="UTF-8"?>
<!-- Generated by org.testng.reporters.JUnitXMLReporter -->
<testsuite ignored="0" hostname="DESKTOP-PF8F9B0" failures="0" tests="6" name="Surefire test" time="17.819" errors="0" timestamp="2024-12-19T15:56:39 ART">
  <testcase classname="tests.sauceDemo.LoginTest" name="loginErrorUser" time="0.686"/>
  <testcase classname="tests.sauceDemo.LoginTest" name="loginLockedUser" time="0.622"/>
  <testcase classname="tests.sauceDemo.LoginTest" name="loginPerformanceUser" time="5.602"/>
  <testcase classname="tests.sauceDemo.LoginTest" name="loginProblemUser" time="0.606"/>
  <testcase classname="tests.sauceDemo.LoginTest" name="loginStandardUser" time="0.584"/>
  <testcase classname="tests.sauceDemo.LoginTest" name="loginVisualUser" time="0.609"/>
</testsuite> <!-- Surefire test -->
