<?xml version="1.0" encoding="UTF-8"?>
<!-- Generated by org.testng.reporters.JUnitXMLReporter -->
<testsuite ignored="0" hostname="DESKTOP-PF8F9B0" failures="0" tests="11" name="Surefire test" time="30.185" errors="0" timestamp="2024-12-26T16:06:05 ART">
  <testcase classname="tests.sauceDemo.CheckoutInfoTest" name="emptyFirstName" time="1.367"/>
  <testcase classname="tests.sauceDemo.CheckoutInfoTest" name="empyLastName" time="1.181"/>
  <testcase classname="tests.sauceDemo.CheckoutInfoTest" name="empyPostalCode" time="1.197"/>
  <testcase classname="tests.sauceDemo.Home.ProductTest" name="carritoValidacion" time="0.908"/>
  <testcase classname="tests.sauceDemo.Home.ProductTest" name="filterOrder" time="0.983"/>
  <testcase classname="tests.sauceDemo.Login.LoginTest" name="loginErrorUser" time="0.589"/>
  <testcase classname="tests.sauceDemo.Login.LoginTest" name="loginLockedUser" time="0.665"/>
  <testcase classname="tests.sauceDemo.Login.LoginTest" name="loginPerformanceUser" time="5.621"/>
  <testcase classname="tests.sauceDemo.Login.LoginTest" name="loginProblemUser" time="0.56"/>
  <testcase classname="tests.sauceDemo.Login.LoginTest" name="loginStandardUser" time="0.566"/>
  <testcase classname="tests.sauceDemo.Login.LoginTest" name="loginVisualUser" time="0.562"/>
</testsuite> <!-- Surefire test -->
