<?xml version="1.0" encoding="UTF-8"?>
<testsuite xmlns:xsi="http://www.w3.org/2001/XMLSchema-instance" xsi:noNamespaceSchemaLocation="https://maven.apache.org/surefire/maven-surefire-plugin/xsd/surefire-test-report-3.0.xsd" version="3.0" name="TestSuite" time="19.353" tests="6" errors="0" skipped="0" failures="0">
  <properties>
[...]
</properties>
  <testcase name="loginErrorUser" classname="tests.sauceDemo.LoginTest" time="0.74">
    <system-err><![CDATA[SLF4J: Failed to load class "org.slf4j.impl.StaticLoggerBinder".
SLF4J: Defaulting to no-operation (NOP) logger implementation
SLF4J: See http://www.slf4j.org/codes.html#StaticLoggerBinder for further details.
]]></system-err>
  </testcase>
  <testcase name="loginLockedUser" classname="tests.sauceDemo.LoginTest" time="0.646"/>
  <testcase name="loginPerformanceUser" classname="tests.sauceDemo.LoginTest" time="5.678"/>
  <testcase name="loginProblemUser" classname="tests.sauceDemo.LoginTest" time="0.656"/>
  <testcase name="loginStandardUser" classname="tests.sauceDemo.LoginTest" time="0.634"/>
  <testcase name="loginVisualUser" classname="tests.sauceDemo.LoginTest" time="0.643"/>
</testsuite>