<?xml version="1.0" encoding="UTF-8"?>
<testng-results ignored="0" total="11" passed="11" failed="0" skipped="0">
  <reporter-output>
  </reporter-output>
  <suite started-at="2024-12-26T16:05:35 ART" name="Surefire suite" finished-at="2024-12-26T16:06:05 ART" duration-ms="30185">
    <groups>
      <group name="Sauce Demo">
        <method signature="LoginTest.loginErrorUser()[pri:0, instance:tests.sauceDemo.Login.LoginTest@4912d525]" name="loginErrorUser" class="tests.sauceDemo.Login.LoginTest"/>
        <method signature="LoginTest.loginLockedUser()[pri:0, instance:tests.sauceDemo.Login.LoginTest@4912d525]" name="loginLockedUser" class="tests.sauceDemo.Login.LoginTest"/>
        <method signature="LoginTest.loginPerformanceUser()[pri:0, instance:tests.sauceDemo.Login.LoginTest@4912d525]" name="loginPerformanceUser" class="tests.sauceDemo.Login.LoginTest"/>
        <method signature="LoginTest.loginProblemUser()[pri:0, instance:tests.sauceDemo.Login.LoginTest@4912d525]" name="loginProblemUser" class="tests.sauceDemo.Login.LoginTest"/>
        <method signature="LoginTest.loginStandardUser()[pri:0, instance:tests.sauceDemo.Login.LoginTest@4912d525]" name="loginStandardUser" class="tests.sauceDemo.Login.LoginTest"/>
        <method signature="LoginTest.loginVisualUser()[pri:0, instance:tests.sauceDemo.Login.LoginTest@4912d525]" name="loginVisualUser" class="tests.sauceDemo.Login.LoginTest"/>
      </group> <!-- Sauce Demo -->
      <group name="Regresion">
        <method signature="LoginTest.loginErrorUser()[pri:0, instance:tests.sauceDemo.Login.LoginTest@4912d525]" name="loginErrorUser" class="tests.sauceDemo.Login.LoginTest"/>
        <method signature="LoginTest.loginLockedUser()[pri:0, instance:tests.sauceDemo.Login.LoginTest@4912d525]" name="loginLockedUser" class="tests.sauceDemo.Login.LoginTest"/>
        <method signature="LoginTest.loginPerformanceUser()[pri:0, instance:tests.sauceDemo.Login.LoginTest@4912d525]" name="loginPerformanceUser" class="tests.sauceDemo.Login.LoginTest"/>
        <method signature="LoginTest.loginProblemUser()[pri:0, instance:tests.sauceDemo.Login.LoginTest@4912d525]" name="loginProblemUser" class="tests.sauceDemo.Login.LoginTest"/>
        <method signature="LoginTest.loginStandardUser()[pri:0, instance:tests.sauceDemo.Login.LoginTest@4912d525]" name="loginStandardUser" class="tests.sauceDemo.Login.LoginTest"/>
        <method signature="LoginTest.loginVisualUser()[pri:0, instance:tests.sauceDemo.Login.LoginTest@4912d525]" name="loginVisualUser" class="tests.sauceDemo.Login.LoginTest"/>
      </group> <!-- Regresion -->
    </groups>
    <test started-at="2024-12-26T16:05:35 ART" name="Surefire test" finished-at="2024-12-26T16:06:05 ART" duration-ms="30185">
      <class name="tests.sauceDemo.Login.LoginTest">
        <test-method is-config="true" signature="masterSetUp()[pri:0, instance:tests.sauceDemo.Login.LoginTest@4912d525]" started-at="2024-12-26T16:05:49 ART" name="masterSetUp" finished-at="2024-12-26T16:05:50 ART" duration-ms="1218" status="PASS">
          <reporter-output>
          </reporter-output>
        </test-method> <!-- masterSetUp -->
        <test-method signature="loginErrorUser()[pri:0, instance:tests.sauceDemo.Login.LoginTest@4912d525]" started-at="2024-12-26T16:05:50 ART" name="loginErrorUser" finished-at="2024-12-26T16:05:51 ART" duration-ms="589" status="PASS">
          <reporter-output>
          </reporter-output>
        </test-method> <!-- loginErrorUser -->
        <test-method is-config="true" signature="masterTearDown()[pri:0, instance:tests.sauceDemo.Login.LoginTest@4912d525]" started-at="2024-12-26T16:05:51 ART" name="masterTearDown" finished-at="2024-12-26T16:05:51 ART" duration-ms="118" status="PASS">
          <reporter-output>
          </reporter-output>
        </test-method> <!-- masterTearDown -->
        <test-method is-config="true" signature="masterSetUp()[pri:0, instance:tests.sauceDemo.Login.LoginTest@4912d525]" started-at="2024-12-26T16:05:51 ART" name="masterSetUp" finished-at="2024-12-26T16:05:52 ART" duration-ms="1216" status="PASS">
          <reporter-output>
          </reporter-output>
        </test-method> <!-- masterSetUp -->
        <test-method signature="loginLockedUser()[pri:0, instance:tests.sauceDemo.Login.LoginTest@4912d525]" started-at="2024-12-26T16:05:52 ART" name="loginLockedUser" finished-at="2024-12-26T16:05:53 ART" duration-ms="665" status="PASS">
          <reporter-output>
          </reporter-output>
        </test-method> <!-- loginLockedUser -->
        <test-method is-config="true" signature="masterTearDown()[pri:0, instance:tests.sauceDemo.Login.LoginTest@4912d525]" started-at="2024-12-26T16:05:53 ART" name="masterTearDown" finished-at="2024-12-26T16:05:53 ART" duration-ms="119" status="PASS">
          <reporter-output>
          </reporter-output>
        </test-method> <!-- masterTearDown -->
        <test-method is-config="true" signature="masterSetUp()[pri:0, instance:tests.sauceDemo.Login.LoginTest@4912d525]" started-at="2024-12-26T16:05:53 ART" name="masterSetUp" finished-at="2024-12-26T16:05:54 ART" duration-ms="1231" status="PASS">
          <reporter-output>
          </reporter-output>
        </test-method> <!-- masterSetUp -->
        <test-method signature="loginPerformanceUser()[pri:0, instance:tests.sauceDemo.Login.LoginTest@4912d525]" started-at="2024-12-26T16:05:54 ART" name="loginPerformanceUser" finished-at="2024-12-26T16:06:00 ART" duration-ms="5621" status="PASS">
          <reporter-output>
          </reporter-output>
        </test-method> <!-- loginPerformanceUser -->
        <test-method is-config="true" signature="masterTearDown()[pri:0, instance:tests.sauceDemo.Login.LoginTest@4912d525]" started-at="2024-12-26T16:06:00 ART" name="masterTearDown" finished-at="2024-12-26T16:06:00 ART" duration-ms="110" status="PASS">
          <reporter-output>
          </reporter-output>
        </test-method> <!-- masterTearDown -->
        <test-method is-config="true" signature="masterSetUp()[pri:0, instance:tests.sauceDemo.Login.LoginTest@4912d525]" started-at="2024-12-26T16:06:00 ART" name="masterSetUp" finished-at="2024-12-26T16:06:01 ART" duration-ms="1200" status="PASS">
          <reporter-output>
          </reporter-output>
        </test-method> <!-- masterSetUp -->
        <test-method signature="loginProblemUser()[pri:0, instance:tests.sauceDemo.Login.LoginTest@4912d525]" started-at="2024-12-26T16:06:01 ART" name="loginProblemUser" finished-at="2024-12-26T16:06:01 ART" duration-ms="560" status="PASS">
          <reporter-output>
          </reporter-output>
        </test-method> <!-- loginProblemUser -->
        <test-method is-config="true" signature="masterTearDown()[pri:0, instance:tests.sauceDemo.Login.LoginTest@4912d525]" started-at="2024-12-26T16:06:01 ART" name="masterTearDown" finished-at="2024-12-26T16:06:02 ART" duration-ms="108" status="PASS">
          <reporter-output>
          </reporter-output>
        </test-method> <!-- masterTearDown -->
        <test-method is-config="true" signature="masterSetUp()[pri:0, instance:tests.sauceDemo.Login.LoginTest@4912d525]" started-at="2024-12-26T16:06:02 ART" name="masterSetUp" finished-at="2024-12-26T16:06:03 ART" duration-ms="1194" status="PASS">
          <reporter-output>
          </reporter-output>
        </test-method> <!-- masterSetUp -->
        <test-method signature="loginStandardUser()[pri:0, instance:tests.sauceDemo.Login.LoginTest@4912d525]" started-at="2024-12-26T16:06:03 ART" name="loginStandardUser" finished-at="2024-12-26T16:06:03 ART" duration-ms="566" status="PASS">
          <reporter-output>
          </reporter-output>
        </test-method> <!-- loginStandardUser -->
        <test-method is-config="true" signature="masterTearDown()[pri:0, instance:tests.sauceDemo.Login.LoginTest@4912d525]" started-at="2024-12-26T16:06:03 ART" name="masterTearDown" finished-at="2024-12-26T16:06:03 ART" duration-ms="105" status="PASS">
          <reporter-output>
          </reporter-output>
        </test-method> <!-- masterTearDown -->
        <test-method is-config="true" signature="masterSetUp()[pri:0, instance:tests.sauceDemo.Login.LoginTest@4912d525]" started-at="2024-12-26T16:06:03 ART" name="masterSetUp" finished-at="2024-12-26T16:06:05 ART" duration-ms="1230" status="PASS">
          <reporter-output>
          </reporter-output>
        </test-method> <!-- masterSetUp -->
        <test-method signature="loginVisualUser()[pri:0, instance:tests.sauceDemo.Login.LoginTest@4912d525]" started-at="2024-12-26T16:06:05 ART" name="loginVisualUser" finished-at="2024-12-26T16:06:05 ART" duration-ms="562" status="PASS">
          <reporter-output>
          </reporter-output>
        </test-method> <!-- loginVisualUser -->
        <test-method is-config="true" signature="masterTearDown()[pri:0, instance:tests.sauceDemo.Login.LoginTest@4912d525]" started-at="2024-12-26T16:06:05 ART" name="masterTearDown" finished-at="2024-12-26T16:06:05 ART" duration-ms="154" status="PASS">
          <reporter-output>
          </reporter-output>
        </test-method> <!-- masterTearDown -->
      </class> <!-- tests.sauceDemo.Login.LoginTest -->
      <class name="tests.sauceDemo.CheckoutInfoTest">
        <test-method is-config="true" signature="masterSetUp()[pri:0, instance:tests.sauceDemo.CheckoutInfoTest@20ed3303]" started-at="2024-12-26T16:05:35 ART" name="masterSetUp" finished-at="2024-12-26T16:05:38 ART" duration-ms="2314" status="PASS">
          <reporter-output>
          </reporter-output>
        </test-method> <!-- masterSetUp -->
        <test-method signature="emptyFirstName()[pri:0, instance:tests.sauceDemo.CheckoutInfoTest@20ed3303]" started-at="2024-12-26T16:05:38 ART" name="emptyFirstName" finished-at="2024-12-26T16:05:39 ART" duration-ms="1367" status="PASS">
          <reporter-output>
          </reporter-output>
        </test-method> <!-- emptyFirstName -->
        <test-method is-config="true" signature="masterTearDown()[pri:0, instance:tests.sauceDemo.CheckoutInfoTest@20ed3303]" started-at="2024-12-26T16:05:39 ART" name="masterTearDown" finished-at="2024-12-26T16:05:39 ART" duration-ms="133" status="PASS">
          <reporter-output>
          </reporter-output>
        </test-method> <!-- masterTearDown -->
        <test-method is-config="true" signature="masterSetUp()[pri:0, instance:tests.sauceDemo.CheckoutInfoTest@20ed3303]" started-at="2024-12-26T16:05:39 ART" name="masterSetUp" finished-at="2024-12-26T16:05:40 ART" duration-ms="1218" status="PASS">
          <reporter-output>
          </reporter-output>
        </test-method> <!-- masterSetUp -->
        <test-method signature="empyLastName()[pri:0, instance:tests.sauceDemo.CheckoutInfoTest@20ed3303]" started-at="2024-12-26T16:05:40 ART" name="empyLastName" finished-at="2024-12-26T16:05:42 ART" duration-ms="1181" status="PASS">
          <reporter-output>
          </reporter-output>
        </test-method> <!-- empyLastName -->
        <test-method is-config="true" signature="masterTearDown()[pri:0, instance:tests.sauceDemo.CheckoutInfoTest@20ed3303]" started-at="2024-12-26T16:05:42 ART" name="masterTearDown" finished-at="2024-12-26T16:05:42 ART" duration-ms="116" status="PASS">
          <reporter-output>
          </reporter-output>
        </test-method> <!-- masterTearDown -->
        <test-method is-config="true" signature="masterSetUp()[pri:0, instance:tests.sauceDemo.CheckoutInfoTest@20ed3303]" started-at="2024-12-26T16:05:42 ART" name="masterSetUp" finished-at="2024-12-26T16:05:43 ART" duration-ms="1170" status="PASS">
          <reporter-output>
          </reporter-output>
        </test-method> <!-- masterSetUp -->
        <test-method signature="empyPostalCode()[pri:0, instance:tests.sauceDemo.CheckoutInfoTest@20ed3303]" started-at="2024-12-26T16:05:43 ART" name="empyPostalCode" finished-at="2024-12-26T16:05:44 ART" duration-ms="1197" status="PASS">
          <reporter-output>
          </reporter-output>
        </test-method> <!-- empyPostalCode -->
        <test-method is-config="true" signature="masterTearDown()[pri:0, instance:tests.sauceDemo.CheckoutInfoTest@20ed3303]" started-at="2024-12-26T16:05:44 ART" name="masterTearDown" finished-at="2024-12-26T16:05:44 ART" duration-ms="113" status="PASS">
          <reporter-output>
          </reporter-output>
        </test-method> <!-- masterTearDown -->
      </class> <!-- tests.sauceDemo.CheckoutInfoTest -->
      <class name="tests.sauceDemo.Home.ProductTest">
        <test-method is-config="true" signature="masterSetUp()[pri:0, instance:tests.sauceDemo.Home.ProductTest@77a281fc]" started-at="2024-12-26T16:05:44 ART" name="masterSetUp" finished-at="2024-12-26T16:05:45 ART" duration-ms="1170" status="PASS">
          <reporter-output>
          </reporter-output>
        </test-method> <!-- masterSetUp -->
        <test-method signature="carritoValidacion()[pri:0, instance:tests.sauceDemo.Home.ProductTest@77a281fc]" started-at="2024-12-26T16:05:45 ART" name="carritoValidacion" finished-at="2024-12-26T16:05:46 ART" duration-ms="908" status="PASS">
          <reporter-output>
          </reporter-output>
        </test-method> <!-- carritoValidacion -->
        <test-method is-config="true" signature="masterTearDown()[pri:0, instance:tests.sauceDemo.Home.ProductTest@77a281fc]" started-at="2024-12-26T16:05:46 ART" name="masterTearDown" finished-at="2024-12-26T16:05:46 ART" duration-ms="118" status="PASS">
          <reporter-output>
          </reporter-output>
        </test-method> <!-- masterTearDown -->
        <test-method is-config="true" signature="masterSetUp()[pri:0, instance:tests.sauceDemo.Home.ProductTest@77a281fc]" started-at="2024-12-26T16:05:46 ART" name="masterSetUp" finished-at="2024-12-26T16:05:48 ART" duration-ms="1279" status="PASS">
          <reporter-output>
          </reporter-output>
        </test-method> <!-- masterSetUp -->
        <test-method signature="filterOrder()[pri:0, instance:tests.sauceDemo.Home.ProductTest@77a281fc]" started-at="2024-12-26T16:05:48 ART" name="filterOrder" finished-at="2024-12-26T16:05:49 ART" duration-ms="983" status="PASS">
          <reporter-output>
          </reporter-output>
        </test-method> <!-- filterOrder -->
        <test-method is-config="true" signature="masterTearDown()[pri:0, instance:tests.sauceDemo.Home.ProductTest@77a281fc]" started-at="2024-12-26T16:05:49 ART" name="masterTearDown" finished-at="2024-12-26T16:05:49 ART" duration-ms="120" status="PASS">
          <reporter-output>
          </reporter-output>
        </test-method> <!-- masterTearDown -->
      </class> <!-- tests.sauceDemo.Home.ProductTest -->
    </test> <!-- Surefire test -->
  </suite> <!-- Surefire suite -->
</testng-results>
